[debug] [2021-12-09T02:08:43.001Z] ----------------------------------------------------------------------
[debug] [2021-12-09T02:08:43.007Z] Command:       C:\Program Files\nodejs\node.exe C:\Users\kanis\AppData\Roaming\npm\node_modules\firebase-tools\lib\bin\firebase.js init
[debug] [2021-12-09T02:08:43.008Z] CLI Version:   9.23.0
[debug] [2021-12-09T02:08:43.009Z] Platform:      win32
[debug] [2021-12-09T02:08:43.009Z] Node Version:  v16.13.1
[debug] [2021-12-09T02:08:43.012Z] Time:          Thu Dec 09 2021 07:38:43 GMT+0530 (India Standard Time)
[debug] [2021-12-09T02:08:43.013Z] ----------------------------------------------------------------------
[debug] 
[debug] [2021-12-09T02:08:43.057Z] >>> [apiv2][query] GET https://firebase-public.firebaseio.com/cli.json [none]
[debug] [2021-12-09T02:08:43.136Z] > command requires scopes: ["email","openid","https://www.googleapis.com/auth/cloudplatformprojects.readonly","https://www.googleapis.com/auth/firebase","https://www.googleapis.com/auth/cloud-platform"]
[debug] [2021-12-09T02:08:43.138Z] > authorizing via signed-in user (kanishakchaurasia2@gmail.com)
[info] 
     ######## #### ########  ######## ########     ###     ######  ########
     ##        ##  ##     ## ##       ##     ##  ##   ##  ##       ##
     ######    ##  ########  ######   ########  #########  ######  ######
     ##        ##  ##    ##  ##       ##     ## ##     ##       ## ##
     ##       #### ##     ## ######## ########  ##     ##  ######  ########

You're about to initialize a Firebase project in this directory:

  E:\Projects\FoodSaver20008

[debug] [2021-12-09T02:08:44.107Z] <<< [apiv2][status] GET https://firebase-public.firebaseio.com/cli.json 200
[debug] [2021-12-09T02:08:44.108Z] <<< [apiv2][body] GET https://firebase-public.firebaseio.com/cli.json {"cloudBuildErrorAfter":1594252800000,"cloudBuildWarnAfter":1590019200000,"defaultNode10After":1594252800000,"minVersion":"3.0.5","node8DeploysDisabledAfter":1613390400000,"node8RuntimeDisabledAfter":1615809600000,"node8WarnAfter":1600128000000}
